<?xml version="1.0" encoding="UTF-8"?>
<!-- Generated by org.testng.reporters.JUnitXMLReporter -->
<testsuite ignored="0" hostname="DESKTOP-REJ3M5T" failures="0" tests="8" name="Default test" time="1379.663" errors="0" timestamp="2025-11-24T04:40:49 SAST">
  <testcase classname="ui.tests.negativeTests.Checkout" name="negativeCheckoutTest" time="114.188"/>
  <testcase classname="ui.tests.negativeTests.Checkout" name="negativeCheckoutTest" time="125.299"/>
  <testcase classname="ui.tests.negativeTests.Checkout" name="negativeCheckoutTest" time="106.117"/>
  <testcase classname="ui.tests.negativeTests.Checkout" name="negativeCheckoutTest" time="120.456"/>
  <testcase classname="ui.tests.negativeTests.Checkout" name="negativeCheckoutTest" time="177.465"/>
  <testcase classname="ui.tests.negativeTests.Checkout" name="negativeCheckoutTest" time="111.229"/>
  <testcase classname="ui.tests.negativeTests.Checkout" name="negativeCheckoutTest" time="116.572"/>
  <testcase classname="ui.tests.negativeTests.Checkout" name="negativeCheckoutTest" time="112.327"/>
</testsuite> <!-- Default test -->
