<?xml version="1.0" encoding="UTF-8"?>
<!-- Generated by org.testng.reporters.JUnitXMLReporter -->
<testsuite ignored="0" hostname="DESKTOP-REJ3M5T" failures="0" tests="2" name="Default test" time="34.492" errors="0" timestamp="2025-11-27T13:24:56 SAST">
  <testcase classname="api.test.negativeTests.GetRepoNegativeTests" name="getNonExistantRepo" time="30.05"/>
  <testcase classname="api.test.negativeTests.GetRepoNegativeTests" name="getRepoWithWithoutNameParam" time="1.02"/>
</testsuite> <!-- Default test -->
