<?xml version="1.0" encoding="UTF-8"?>
<!-- Generated by org.testng.reporters.JUnitXMLReporter -->
<testsuite ignored="0" hostname="DESKTOP-REJ3M5T" failures="0" tests="8" name="API-E2E-Test" time="32.171" errors="0" timestamp="2025-11-25T14:11:12 SAST">
  <testcase classname="api.test.positiveTests.PositiveE2ETests" name="createRepoTest" time="21.213"/>
  <testcase classname="api.test.positiveTests.PositiveE2ETests" name="createRepoTest" time="2.206"/>
  <testcase classname="api.test.positiveTests.PositiveE2ETests" name="getRepoTest" time="1.438"/>
  <testcase classname="api.test.positiveTests.PositiveE2ETests" name="getRepoTest" time="1.19"/>
  <testcase classname="api.test.positiveTests.PositiveE2ETests" name="updateRepoTest" time="1.633"/>
  <testcase classname="api.test.positiveTests.PositiveE2ETests" name="updateRepoTest" time="1.365"/>
  <testcase classname="api.test.positiveTests.PositiveE2ETests" name="deleteRepoTest" time="1.124"/>
  <testcase classname="api.test.positiveTests.PositiveE2ETests" name="deleteRepoTest" time="1.303"/>
</testsuite> <!-- API-E2E-Test -->
