<?xml version="1.0" encoding="UTF-8"?>
<!-- Generated by org.testng.reporters.JUnitXMLReporter -->
<testsuite ignored="0" hostname="DESKTOP-REJ3M5T" failures="0" tests="3" name="createRepoErrorValidation" time="37.869" errors="0" timestamp="2025-12-05T12:05:43 SAST">
  <testcase classname="api.test.negativeTests.CreateRepoNegativeTests" name="createExistingRepo" time="28.851"/>
  <testcase classname="api.test.negativeTests.CreateRepoNegativeTests" name="createRepoWithLongName" time="1.526"/>
  <testcase classname="api.test.negativeTests.CreateRepoNegativeTests" name="createRepoWithoutName" time="1.391"/>
</testsuite> <!-- createRepoErrorValidation -->
