<?xml version="1.0" encoding="UTF-8"?>
<!-- Generated by org.testng.reporters.JUnitXMLReporter -->
<testsuite ignored="0" hostname="DESKTOP-REJ3M5T" failures="0" tests="3" name="createRepoErrorValidation" time="42.864" errors="0" timestamp="2025-11-25T14:17:52 SAST">
  <testcase classname="api.test.negativeTests.CreateRepoNegativeTests" name="createExistingRepo" time="37.49"/>
  <testcase classname="api.test.negativeTests.CreateRepoNegativeTests" name="createRepoWithLongName" time="1.082"/>
  <testcase classname="api.test.negativeTests.CreateRepoNegativeTests" name="createRepoWithoutName" time="1.189"/>
</testsuite> <!-- createRepoErrorValidation -->
