<?xml version="1.0" encoding="UTF-8"?>
<!-- Generated by org.testng.reporters.JUnitXMLReporter -->
<testsuite ignored="0" hostname="DESKTOP-REJ3M5T" failures="0" tests="2" name="deleteRepoErrorValidation" time="2.126" errors="0" timestamp="2025-12-05T12:05:47 SAST">
  <testcase classname="api.test.negativeTests.DeleteRepoNegativeTest" name="deleteNonExistentRepo" time="1.281"/>
  <testcase classname="api.test.negativeTests.DeleteRepoNegativeTest" name="deleteRepoWithoutName" time="0.681"/>
</testsuite> <!-- deleteRepoErrorValidation -->
