<?xml version="1.0" encoding="UTF-8"?>
<!-- Generated by org.testng.reporters.JUnitXMLReporter -->
<testsuite ignored="0" hostname="DESKTOP-REJ3M5T" failures="0" tests="2" name="getRepoErrorValidation" time="9.636" errors="0" timestamp="2025-11-25T14:18:04 SAST">
  <testcase classname="api.test.negativeTests.GetRepoNegativeTests" name="getNonExistantRepo" time="7.177"/>
  <testcase classname="api.test.negativeTests.GetRepoNegativeTests" name="getRepoWithWithoutNameParam" time="0.858"/>
</testsuite> <!-- getRepoErrorValidation -->
