<?xml version="1.0" encoding="UTF-8"?>
<!-- Generated by org.testng.reporters.JUnitXMLReporter -->
<testsuite ignored="0" hostname="DESKTOP-REJ3M5T" failures="0" tests="2" name="getRepoErrorValidation" time="12.849" errors="0" timestamp="2025-12-05T12:06:00 SAST">
  <testcase classname="api.test.negativeTests.GetRepoNegativeTests" name="getNonExistantRepo" time="10.932"/>
  <testcase classname="api.test.negativeTests.GetRepoNegativeTests" name="getRepoWithWithoutNameParam" time="0.977"/>
</testsuite> <!-- getRepoErrorValidation -->
