<?xml version="1.0" encoding="UTF-8"?>
<!-- Generated by org.testng.reporters.JUnitXMLReporter -->
<testsuite ignored="0" hostname="DESKTOP-REJ3M5T" failures="2" tests="2" name="Login" time="180.503" errors="0" timestamp="2025-12-05T14:51:20 SAST">
  <testcase classname="ui.tests.positiveTests.Login" name="testLogin" time="41.217">
    <failure type="java.lang.AssertionError" message="expected [Account Logouts] but found [Account Logout]">
      <![CDATA[java.lang.AssertionError: expected [Account Logouts] but found [Account Logout]
at ui.utils.UiUtilities.verifyText(UiUtilities.java:135)
at ui.pages.LoginPage.verifyThatUserLoggedOut(LoginPage.java:115)
at ui.tests.positiveTests.Login.testLogin(Login.java:38)
at java.base/java.util.ArrayList.forEach(ArrayList.java:1596)
... Removed 31 stack frames]]>
    </failure>
  </testcase> <!-- testLogin -->
  <testcase classname="ui.tests.positiveTests.Login" name="testLogin" time="31.118">
    <failure type="java.lang.AssertionError" message="expected [Account Logouts] but found [Account Logout]">
      <![CDATA[java.lang.AssertionError: expected [Account Logouts] but found [Account Logout]
at ui.utils.UiUtilities.verifyText(UiUtilities.java:135)
at ui.pages.LoginPage.verifyThatUserLoggedOut(LoginPage.java:115)
at ui.tests.positiveTests.Login.testLogin(Login.java:38)
at java.base/java.util.ArrayList.forEach(ArrayList.java:1596)
... Removed 31 stack frames]]>
    </failure>
  </testcase> <!-- testLogin -->
</testsuite> <!-- Login -->
