<?xml version="1.0" encoding="UTF-8"?>
<!-- Generated by org.testng.reporters.JUnitXMLReporter -->
<testsuite ignored="0" hostname="DESKTOP-REJ3M5T" failures="0" tests="4" name="OrderPlacementAndOrderHistory" time="459.048" errors="0" timestamp="2025-12-05T12:30:53 SAST">
  <testcase classname="ui.tests.positiveTests.OrderPlacementAndOrderHistory" name="placeOrderAndValidateOrderHistoryTest" time="99.7"/>
  <testcase classname="ui.tests.positiveTests.OrderPlacementAndOrderHistory" name="placeOrderAndValidateOrderHistoryTest" time="97.431"/>
  <testcase classname="ui.tests.positiveTests.OrderPlacementAndOrderHistory" name="orderHistoryTest" time="35.515"/>
  <testcase classname="ui.tests.positiveTests.OrderPlacementAndOrderHistory" name="orderHistoryTest" time="36.496"/>
</testsuite> <!-- OrderPlacementAndOrderHistory -->
