<?xml version="1.0" encoding="UTF-8"?>
<!-- Generated by org.testng.reporters.JUnitXMLReporter -->
<testsuite ignored="0" hostname="DESKTOP-REJ3M5T" failures="0" tests="4" name="OrderPlacementAndOrderHistory" time="623.999" errors="0" timestamp="2025-11-25T14:10:39 SAST">
  <testcase classname="ui.tests.positiveTests.OrderPlacementAndOrderHistory" name="placeOrderAndValidateOrderHistoryTest" time="161.935"/>
  <testcase classname="ui.tests.positiveTests.OrderPlacementAndOrderHistory" name="placeOrderAndValidateOrderHistoryTest" time="111.052"/>
  <testcase classname="ui.tests.positiveTests.OrderPlacementAndOrderHistory" name="orderHistoryTest" time="35.665"/>
  <testcase classname="ui.tests.positiveTests.OrderPlacementAndOrderHistory" name="orderHistoryTest" time="33.376"/>
</testsuite> <!-- OrderPlacementAndOrderHistory -->
