<?xml version="1.0" encoding="UTF-8"?>
<!-- Generated by org.testng.reporters.JUnitXMLReporter -->
<testsuite ignored="0" hostname="DESKTOP-REJ3M5T" failures="0" tests="4" name="Test" time="580.045" errors="0" timestamp="2025-11-06T14:47:06 SAST">
  <testcase classname="ui.tests.RegisterAndLogin" name="orderDetailsConfirmationTest" time="133.753"/>
  <testcase classname="ui.tests.RegisterAndLogin" name="orderDetailsConfirmationTest" time="169.744"/>
  <testcase classname="ui.tests.RegisterAndLogin" name="orderHistoryTest" time="41.964"/>
  <testcase classname="ui.tests.RegisterAndLogin" name="orderHistoryTest" time="41.686"/>
</testsuite> <!-- Test -->
