<?xml version="1.0" encoding="UTF-8"?>
<!-- Generated by org.testng.reporters.JUnitXMLReporter -->
<testsuite ignored="0" hostname="DESKTOP-REJ3M5T" failures="0" tests="4" name="Test" time="685.464" errors="0" timestamp="2025-11-16T12:38:02 SAST">
  <testcase classname="ui.tests.RegisterAndLogin" name="orderDetailsConfirmationTest" time="159.738"/>
  <testcase classname="ui.tests.RegisterAndLogin" name="orderDetailsConfirmationTest" time="152.596"/>
  <testcase classname="ui.tests.RegisterAndLogin" name="orderHistoryTest" time="32.014"/>
  <testcase classname="ui.tests.RegisterAndLogin" name="orderHistoryTest" time="54.166"/>
</testsuite> <!-- Test -->
