<?xml version="1.0" encoding="UTF-8"?>
<testng-results ignored="0" total="2" passed="2" failed="0" skipped="0">
  <reporter-output>
  </reporter-output>
  <suite started-at="2025-11-27T13:24:22 SAST" name="Default suite" finished-at="2025-11-27T13:24:56 SAST" duration-ms="34492">
    <groups>
    </groups>
    <test started-at="2025-11-27T13:24:22 SAST" name="Default test" finished-at="2025-11-27T13:24:56 SAST" duration-ms="34492">
      <class name="api.test.negativeTests.GetRepoNegativeTests">
        <test-method signature="getNonExistantRepo(java.util.HashMap)[pri:0, instance:api.test.negativeTests.GetRepoNegativeTests@6a6cb05c]" started-at="2025-11-27T13:24:25 SAST" name="getNonExistantRepo" data-provider="getNonExistentRepoProvider" finished-at="2025-11-27T13:24:55 SAST" duration-ms="30050" status="PASS">
          <params>
            <param index="0">
              <value>
                <![CDATA[{name=Non-Existent-Repo, message=Not Found, statusCode=404}]]>
              </value>
            </param>
          </params>
          <reporter-output>
          </reporter-output>
        </test-method> <!-- getNonExistantRepo -->
        <test-method signature="getRepoWithWithoutNameParam(java.util.HashMap)[pri:0, instance:api.test.negativeTests.GetRepoNegativeTests@6a6cb05c]" started-at="2025-11-27T13:24:55 SAST" name="getRepoWithWithoutNameParam" data-provider="getRepoWithoutNameProvider" finished-at="2025-11-27T13:24:56 SAST" duration-ms="1020" status="PASS">
          <params>
            <param index="0">
              <value>
                <![CDATA[{name=, message=Not Found, statusCode=404}]]>
              </value>
            </param>
          </params>
          <reporter-output>
          </reporter-output>
        </test-method> <!-- getRepoWithWithoutNameParam -->
      </class> <!-- api.test.negativeTests.GetRepoNegativeTests -->
    </test> <!-- Default test -->
  </suite> <!-- Default suite -->
</testng-results>
