<?xml version="1.0" encoding="UTF-8"?>
<testng-results ignored="0" total="2" passed="2" failed="0" skipped="0">
  <reporter-output>
  </reporter-output>
  <suite started-at="2025-11-15T23:54:19 SAST" name="Default suite" finished-at="2025-11-15T23:55:01 SAST" duration-ms="42361">
    <groups>
    </groups>
    <test started-at="2025-11-15T23:54:19 SAST" name="Default test" finished-at="2025-11-15T23:55:01 SAST" duration-ms="42361">
      <class name="api.test.negativeTests.DeleteRepoNegativeTest">
        <test-method signature="deleteNonExistentRepo(java.util.HashMap)[pri:0, instance:api.test.negativeTests.DeleteRepoNegativeTest@6a6cb05c]" started-at="2025-11-15T23:54:24 SAST" name="deleteNonExistentRepo" data-provider="deleteNonExistentRepoProvider" finished-at="2025-11-15T23:55:00 SAST" duration-ms="35245" status="PASS">
          <params>
            <param index="0">
              <value>
                <![CDATA[{name=Non-Existent-Repo, message=Not Found, statusCode=404}]]>
              </value>
            </param>
          </params>
          <reporter-output>
          </reporter-output>
        </test-method> <!-- deleteNonExistentRepo -->
        <test-method signature="deleteRepoWithoutName(java.util.HashMap)[pri:0, instance:api.test.negativeTests.DeleteRepoNegativeTest@6a6cb05c]" started-at="2025-11-15T23:55:00 SAST" name="deleteRepoWithoutName" data-provider="deleteRepoWithoutNameProvider" finished-at="2025-11-15T23:55:01 SAST" duration-ms="908" status="PASS">
          <params>
            <param index="0">
              <value>
                <![CDATA[{name=, message=Not Found, statusCode=404}]]>
              </value>
            </param>
          </params>
          <reporter-output>
          </reporter-output>
        </test-method> <!-- deleteRepoWithoutName -->
      </class> <!-- api.test.negativeTests.DeleteRepoNegativeTest -->
    </test> <!-- Default test -->
  </suite> <!-- Default suite -->
</testng-results>
