<?xml version="1.0" encoding="UTF-8"?>
<!-- Generated by org.testng.reporters.JUnitReportReporter -->
<testsuite hostname="DESKTOP-REJ3M5T" failures="0" tests="4" name="ui.tests.positiveTests.OrderPlacementAndOrderHistory" time="619.412" errors="0" timestamp="2025-11-25T14:11:14 SAST" skipped="0">
  <testcase classname="ui.tests.positiveTests.OrderPlacementAndOrderHistory" name="orderHistoryTest" time="79.114"/>
  <testcase classname="ui.tests.positiveTests.OrderPlacementAndOrderHistory" name="placeOrderAndValidateOrderHistoryTest" time="282.260"/>
  <testcase classname="ui.tests.positiveTests.OrderPlacementAndOrderHistory" name="placeOrderAndValidateOrderHistoryTest" time="164.119"/>
  <testcase classname="ui.tests.positiveTests.OrderPlacementAndOrderHistory" name="orderHistoryTest" time="93.919"/>
</testsuite> <!-- ui.tests.positiveTests.OrderPlacementAndOrderHistory -->
