<?xml version="1.0" encoding="UTF-8"?>
<!-- Generated by org.testng.reporters.JUnitReportReporter -->
<testsuite hostname="DESKTOP-REJ3M5T" failures="0" tests="8" name="ui.tests.negativeTests.CheckoutTest" time="1254.653" errors="0" timestamp="2025-11-24T23:23:33 SAST" skipped="0">
  <testcase classname="ui.tests.negativeTests.CheckoutTest" name="negativeCheckoutTest" time="148.756"/>
  <testcase classname="ui.tests.negativeTests.CheckoutTest" name="negativeCheckoutTest" time="174.470"/>
  <testcase classname="ui.tests.negativeTests.CheckoutTest" name="negativeCheckoutTest" time="145.858"/>
  <testcase classname="ui.tests.negativeTests.CheckoutTest" name="negativeCheckoutTest" time="152.585"/>
  <testcase classname="ui.tests.negativeTests.CheckoutTest" name="negativeCheckoutTest" time="175.543"/>
  <testcase classname="ui.tests.negativeTests.CheckoutTest" name="negativeCheckoutTest" time="146.965"/>
  <testcase classname="ui.tests.negativeTests.CheckoutTest" name="negativeCheckoutTest" time="162.037"/>
  <testcase classname="ui.tests.negativeTests.CheckoutTest" name="negativeCheckoutTest" time="148.439"/>
</testsuite> <!-- ui.tests.negativeTests.CheckoutTest -->
