<?xml version="1.0" encoding="UTF-8"?>
<!-- Generated by org.testng.reporters.JUnitReportReporter -->
<testsuite hostname="DESKTOP-REJ3M5T" failures="0" tests="8" name="api.test.positiveTests.PositiveE2ETests" time="29.099" errors="0" timestamp="2025-11-24T12:20:37 SAST" skipped="0">
  <testcase classname="api.test.positiveTests.PositiveE2ETests" name="createRepoTest" time="2.252"/>
  <testcase classname="api.test.positiveTests.PositiveE2ETests" name="createRepoTest" time="19.419"/>
  <testcase classname="api.test.positiveTests.PositiveE2ETests" name="getRepoTest" time="1.139"/>
  <testcase classname="api.test.positiveTests.PositiveE2ETests" name="getRepoTest" time="1.227"/>
  <testcase classname="api.test.positiveTests.PositiveE2ETests" name="updateRepoTest" time="1.141"/>
  <testcase classname="api.test.positiveTests.PositiveE2ETests" name="updateRepoTest" time="1.660"/>
  <testcase classname="api.test.positiveTests.PositiveE2ETests" name="deleteRepoTest" time="1.183"/>
  <testcase classname="api.test.positiveTests.PositiveE2ETests" name="deleteRepoTest" time="1.078"/>
</testsuite> <!-- api.test.positiveTests.PositiveE2ETests -->
