<?xml version="1.0" encoding="UTF-8"?>
<!-- Generated by org.testng.reporters.JUnitReportReporter -->
<testsuite hostname="DESKTOP-REJ3M5T" failures="0" tests="6" name="ui.tests.negativeTests.SearchProduct" time="566.289" errors="0" timestamp="2025-11-24T04:16:26 SAST" skipped="0">
  <testcase classname="ui.tests.negativeTests.SearchProduct" name="updateProductQuantityInCartNegative" time="104.566"/>
  <testcase classname="ui.tests.negativeTests.SearchProduct" name="addOutOfStockProductToCart" time="103.708"/>
  <testcase classname="ui.tests.negativeTests.SearchProduct" name="updateProductQuantityInCartNegative" time="101.218"/>
  <testcase classname="ui.tests.negativeTests.SearchProduct" name="searchInvalidProduct" time="64.290"/>
  <testcase classname="ui.tests.negativeTests.SearchProduct" name="addOutOfStockProductToCart" time="129.666"/>
  <testcase classname="ui.tests.negativeTests.SearchProduct" name="searchInvalidProduct" time="62.841"/>
</testsuite> <!-- ui.tests.negativeTests.SearchProduct -->
