<?xml version="1.0" encoding="UTF-8"?>
<!-- Generated by org.testng.reporters.JUnitReportReporter -->
<testsuite hostname="DESKTOP-REJ3M5T" failures="0" tests="2" name="api.test.negativeTests.DeleteRepoNegativeTest" time="1.962" errors="0" timestamp="2025-12-05T12:06:05 SAST" skipped="0">
  <testcase classname="api.test.negativeTests.DeleteRepoNegativeTest" name="deleteNonExistentRepo" time="1.281"/>
  <testcase classname="api.test.negativeTests.DeleteRepoNegativeTest" name="deleteRepoWithoutName" time="0.681"/>
</testsuite> <!-- api.test.negativeTests.DeleteRepoNegativeTest -->
