<?xml version="1.0" encoding="UTF-8"?>
<!-- Generated by org.testng.reporters.JUnitReportReporter -->
<testsuite hostname="DESKTOP-REJ3M5T" failures="0" tests="8" name="api.test.RepoTests" time="31.316" errors="0" timestamp="2025-11-12T21:39:46 SAST" skipped="0">
  <testcase classname="api.test.RepoTests" name="createRepoTest" time="21.766"/>
  <testcase classname="api.test.RepoTests" name="createRepoTest" time="1.876"/>
  <testcase classname="api.test.RepoTests" name="getRepoTest" time="1.465"/>
  <testcase classname="api.test.RepoTests" name="getRepoTest" time="1.202"/>
  <testcase classname="api.test.RepoTests" name="updateRepoTest" time="1.379"/>
  <testcase classname="api.test.RepoTests" name="updateRepoTest" time="1.089"/>
  <testcase classname="api.test.RepoTests" name="deleteRepoTest" time="1.026"/>
  <testcase classname="api.test.RepoTests" name="deleteRepoTest" time="1.513"/>
</testsuite> <!-- api.test.RepoTests -->
