<?xml version="1.0" encoding="UTF-8"?>
<!-- Generated by org.testng.reporters.JUnitReportReporter -->
<testsuite hostname="DESKTOP-REJ3M5T" failures="0" tests="3" name="api.test.negativeTests.CreateRepoNegativeTests" time="32.599" errors="0" timestamp="2025-11-24T23:01:15 SAST" skipped="0">
  <testcase classname="api.test.negativeTests.CreateRepoNegativeTests" name="createExistingRepo" time="29.686"/>
  <testcase classname="api.test.negativeTests.CreateRepoNegativeTests" name="createRepoWithoutName" time="1.919"/>
  <testcase classname="api.test.negativeTests.CreateRepoNegativeTests" name="createRepoWithLongName" time="0.994"/>
</testsuite> <!-- api.test.negativeTests.CreateRepoNegativeTests -->
