<?xml version="1.0" encoding="UTF-8"?>
<!-- Generated by org.testng.reporters.JUnitReportReporter -->
<testsuite hostname="DESKTOP-REJ3M5T" failures="0" tests="4" name="tests.RegisterAndLogin" time="470.320" errors="0" timestamp="2025-11-05T14:25:31 SAST" skipped="0">
  <testcase classname="tests.RegisterAndLogin" name="orderHistoryTest" time="61.645"/>
  <testcase classname="tests.RegisterAndLogin" name="orderDetailsConfirmationTest" time="191.289"/>
  <testcase classname="tests.RegisterAndLogin" name="orderDetailsConfirmationTest" time="141.163"/>
  <testcase classname="tests.RegisterAndLogin" name="orderHistoryTest" time="76.223"/>
</testsuite> <!-- tests.RegisterAndLogin -->
