<?xml version="1.0" encoding="UTF-8"?>
<!-- Generated by org.testng.reporters.JUnitReportReporter -->
<testsuite hostname="DESKTOP-REJ3M5T" failures="0" tests="8" name="api.test.positiveTests.PositiveE2ETests" time="28.410" errors="0" timestamp="2025-12-05T12:31:25 SAST" skipped="0">
  <testcase classname="api.test.positiveTests.PositiveE2ETests" name="createRepoTest" time="19.691"/>
  <testcase classname="api.test.positiveTests.PositiveE2ETests" name="createRepoTest" time="1.971"/>
  <testcase classname="api.test.positiveTests.PositiveE2ETests" name="getRepoTest" time="1.218"/>
  <testcase classname="api.test.positiveTests.PositiveE2ETests" name="getRepoTest" time="0.992"/>
  <testcase classname="api.test.positiveTests.PositiveE2ETests" name="updateRepoTest" time="1.287"/>
  <testcase classname="api.test.positiveTests.PositiveE2ETests" name="updateRepoTest" time="1.209"/>
  <testcase classname="api.test.positiveTests.PositiveE2ETests" name="deleteRepoTest" time="1.104"/>
  <testcase classname="api.test.positiveTests.PositiveE2ETests" name="deleteRepoTest" time="0.938"/>
</testsuite> <!-- api.test.positiveTests.PositiveE2ETests -->
