<?xml version="1.0" encoding="UTF-8"?>
<!-- Generated by org.testng.reporters.JUnitReportReporter -->
<testsuite hostname="DESKTOP-REJ3M5T" failures="0" tests="2" name="api.test.negativeTests.GetRepoNegativeTests" time="12.640" errors="0" timestamp="2025-11-24T12:57:02 SAST" skipped="0">
  <testcase classname="api.test.negativeTests.GetRepoNegativeTests" name="getNonExistantRepo" time="9.945"/>
  <testcase classname="api.test.negativeTests.GetRepoNegativeTests" name="getRepoWithWithoutNameParam" time="2.695"/>
</testsuite> <!-- api.test.negativeTests.GetRepoNegativeTests -->
