<?xml version="1.0" encoding="UTF-8"?>
<!-- Generated by org.testng.reporters.JUnitReportReporter -->
<testsuite hostname="DESKTOP-REJ3M5T" failures="0" tests="8" name="ui.tests.negativeTests.Checkout" time="1375.844" errors="0" timestamp="2025-11-24T04:40:51 SAST" skipped="0">
  <testcase classname="ui.tests.negativeTests.Checkout" name="negativeCheckoutTest" time="177.532"/>
  <testcase classname="ui.tests.negativeTests.Checkout" name="negativeCheckoutTest" time="143.594"/>
  <testcase classname="ui.tests.negativeTests.Checkout" name="negativeCheckoutTest" time="182.281"/>
  <testcase classname="ui.tests.negativeTests.Checkout" name="negativeCheckoutTest" time="179.502"/>
  <testcase classname="ui.tests.negativeTests.Checkout" name="negativeCheckoutTest" time="147.794"/>
  <testcase classname="ui.tests.negativeTests.Checkout" name="negativeCheckoutTest" time="217.998"/>
  <testcase classname="ui.tests.negativeTests.Checkout" name="negativeCheckoutTest" time="171.939"/>
  <testcase classname="ui.tests.negativeTests.Checkout" name="negativeCheckoutTest" time="155.204"/>
</testsuite> <!-- ui.tests.negativeTests.Checkout -->
