<?xml version="1.0" encoding="UTF-8"?>
<!-- Generated by org.testng.reporters.JUnitReportReporter -->
<testsuite hostname="DESKTOP-REJ3M5T" failures="0" tests="2" name="ui.tests.positiveTests.Registration" time="162.972" errors="0" timestamp="2025-12-05T12:18:30 SAST" skipped="0">
  <testcase classname="ui.tests.positiveTests.Registration" name="testRegistration" time="88.658"/>
  <testcase classname="ui.tests.positiveTests.Registration" name="testRegistration" time="74.314"/>
</testsuite> <!-- ui.tests.positiveTests.Registration -->
