<?xml version="1.0" encoding="UTF-8"?>
<!-- Generated by org.testng.reporters.JUnitReportReporter -->
<testsuite hostname="DESKTOP-REJ3M5T" failures="0" tests="2" name="api.test.negativeTests.UpdateRepoNegativeTest" time="2.089" errors="0" timestamp="2025-11-25T14:18:09 SAST" skipped="0">
  <testcase classname="api.test.negativeTests.UpdateRepoNegativeTest" name="updateRepoWithNonExistentName" time="1.286"/>
  <testcase classname="api.test.negativeTests.UpdateRepoNegativeTest" name="updateRepoWithEmptyName" time="0.803"/>
</testsuite> <!-- api.test.negativeTests.UpdateRepoNegativeTest -->
