<?xml version="1.0" encoding="UTF-8"?>
<!-- Generated by org.testng.reporters.JUnitReportReporter -->
<testsuite hostname="DESKTOP-REJ3M5T" failures="0" tests="2" name="api.test.negativeTests.DeleteRepoNegativeTest" time="3.828" errors="0" timestamp="2025-11-24T12:57:02 SAST" skipped="0">
  <testcase classname="api.test.negativeTests.DeleteRepoNegativeTest" name="deleteNonExistentRepo" time="1.673"/>
  <testcase classname="api.test.negativeTests.DeleteRepoNegativeTest" name="deleteRepoWithoutName" time="2.155"/>
</testsuite> <!-- api.test.negativeTests.DeleteRepoNegativeTest -->
