<?xml version="1.0" encoding="UTF-8"?>
<!-- Generated by org.testng.reporters.JUnitReportReporter -->
<testsuite hostname="DESKTOP-REJ3M5T" failures="0" tests="2" name="api.test.negativeTests.GetRepoNegativeTests" time="31.070" errors="0" timestamp="2025-11-27T13:24:58 SAST" skipped="0">
  <testcase classname="api.test.negativeTests.GetRepoNegativeTests" name="getNonExistantRepo" time="30.050"/>
  <testcase classname="api.test.negativeTests.GetRepoNegativeTests" name="getRepoWithWithoutNameParam" time="1.020"/>
</testsuite> <!-- api.test.negativeTests.GetRepoNegativeTests -->
