<?xml version="1.0" encoding="UTF-8"?>
<!-- Generated by org.testng.reporters.JUnitReportReporter -->
<testsuite hostname="DESKTOP-REJ3M5T" failures="0" tests="2" name="ui.tests.positiveTests.Registration" time="183.334" errors="0" timestamp="2025-11-25T14:24:39 SAST" skipped="0">
  <testcase classname="ui.tests.positiveTests.Registration" name="testRegistration" time="110.153"/>
  <testcase classname="ui.tests.positiveTests.Registration" name="testRegistration" time="73.181"/>
</testsuite> <!-- ui.tests.positiveTests.Registration -->
