<?xml version="1.0" encoding="UTF-8"?>
<!-- Generated by org.testng.reporters.JUnitReportReporter -->
<testsuite hostname="DESKTOP-REJ3M5T" failures="0" tests="11" name="ui.tests.LoginNegativeTest" time="601.620" errors="0" timestamp="2025-11-19T22:46:08 SAST" skipped="0">
  <testcase classname="ui.tests.LoginNegativeTest" name="loginNegativeTest" time="51.071"/>
  <testcase classname="ui.tests.LoginNegativeTest" name="loginNegativeTest" time="50.351"/>
  <testcase classname="ui.tests.LoginNegativeTest" name="loginNegativeTest" time="56.752"/>
  <testcase classname="ui.tests.LoginNegativeTest" name="loginNegativeTest" time="62.014"/>
  <testcase classname="ui.tests.LoginNegativeTest" name="loginNegativeTest" time="66.908"/>
  <testcase classname="ui.tests.LoginNegativeTest" name="loginNegativeTest" time="49.854"/>
  <testcase classname="ui.tests.LoginNegativeTest" name="loginNegativeTest" time="51.365"/>
  <testcase classname="ui.tests.LoginNegativeTest" name="loginNegativeTest" time="54.876"/>
  <testcase classname="ui.tests.LoginNegativeTest" name="loginNegativeTest" time="50.633"/>
  <testcase classname="ui.tests.LoginNegativeTest" name="loginNegativeTest" time="59.062"/>
  <testcase classname="ui.tests.LoginNegativeTest" name="loginNegativeTest" time="48.734"/>
</testsuite> <!-- ui.tests.LoginNegativeTest -->
