<?xml version="1.0" encoding="UTF-8"?>
<!-- Generated by org.testng.reporters.JUnitReportReporter -->
<testsuite hostname="DESKTOP-REJ3M5T" failures="0" tests="2" name="api.test.negativeTests.UpdateRepoNegativeTest" time="1.716" errors="0" timestamp="2025-11-24T12:57:02 SAST" skipped="0">
  <testcase classname="api.test.negativeTests.UpdateRepoNegativeTest" name="updateRepoWithNonExistentName" time="0.807"/>
  <testcase classname="api.test.negativeTests.UpdateRepoNegativeTest" name="updateRepoWithEmptyName" time="0.909"/>
</testsuite> <!-- api.test.negativeTests.UpdateRepoNegativeTest -->
