<?xml version="1.0" encoding="UTF-8"?>
<!-- Generated by org.testng.reporters.JUnitReportReporter -->
<testsuite hostname="DESKTOP-REJ3M5T" failures="0" tests="6" name="ui.tests.negativeTests.SearchAndAddProductToCard" time="657.887" errors="0" timestamp="2025-11-24T16:47:22 SAST" skipped="0">
  <testcase classname="ui.tests.negativeTests.SearchAndAddProductToCard" name="searchInvalidProduct" time="92.496"/>
  <testcase classname="ui.tests.negativeTests.SearchAndAddProductToCard" name="updateWithInvalidInputProductQuantityInCart" time="123.380"/>
  <testcase classname="ui.tests.negativeTests.SearchAndAddProductToCard" name="addOutOfStockProductToCart" time="121.304"/>
  <testcase classname="ui.tests.negativeTests.SearchAndAddProductToCard" name="searchInvalidProduct" time="75.921"/>
  <testcase classname="ui.tests.negativeTests.SearchAndAddProductToCard" name="addOutOfStockProductToCart" time="112.007"/>
  <testcase classname="ui.tests.negativeTests.SearchAndAddProductToCard" name="updateWithInvalidInputProductQuantityInCart" time="132.779"/>
</testsuite> <!-- ui.tests.negativeTests.SearchAndAddProductToCard -->
