<?xml version="1.0" encoding="UTF-8"?>
<!-- Generated by org.testng.reporters.JUnitReportReporter -->
<testsuite hostname="DESKTOP-REJ3M5T" failures="0" tests="8" name="ui.tests.RegisterAndLogin" time="842.533" errors="0" timestamp="2025-11-24T12:20:37 SAST" skipped="0">
  <testcase classname="ui.tests.RegisterAndLogin" name="testLogin" time="83.167"/>
  <testcase classname="ui.tests.RegisterAndLogin" name="test" time="86.122"/>
  <testcase classname="ui.tests.RegisterAndLogin" name="orderDetailsConfirmationTest" time="162.923"/>
  <testcase classname="ui.tests.RegisterAndLogin" name="orderHistoryTest" time="77.700"/>
  <testcase classname="ui.tests.RegisterAndLogin" name="test" time="64.618"/>
  <testcase classname="ui.tests.RegisterAndLogin" name="orderHistoryTest" time="82.552"/>
  <testcase classname="ui.tests.RegisterAndLogin" name="orderDetailsConfirmationTest" time="152.572"/>
  <testcase classname="ui.tests.RegisterAndLogin" name="testLogin" time="132.879"/>
</testsuite> <!-- ui.tests.RegisterAndLogin -->
