<?xml version="1.0" encoding="UTF-8"?>
<!-- Generated by org.testng.reporters.JUnitReportReporter -->
<testsuite hostname="DESKTOP-REJ3M5T" failures="0" tests="3" name="api.test.negativeTests.CreateRepoNegativeTests" time="31.768" errors="0" timestamp="2025-12-05T12:06:05 SAST" skipped="0">
  <testcase classname="api.test.negativeTests.CreateRepoNegativeTests" name="createRepoWithoutName" time="1.391"/>
  <testcase classname="api.test.negativeTests.CreateRepoNegativeTests" name="createRepoWithLongName" time="1.526"/>
  <testcase classname="api.test.negativeTests.CreateRepoNegativeTests" name="createExistingRepo" time="28.851"/>
</testsuite> <!-- api.test.negativeTests.CreateRepoNegativeTests -->
