<?xml version="1.0" encoding="UTF-8"?>
<!-- Generated by org.testng.reporters.JUnitReportReporter -->
<testsuite hostname="DESKTOP-REJ3M5T" failures="0" tests="6" name="ui.tests.negativeTests.SearchProduct" time="704.953" errors="0" timestamp="2025-11-24T11:25:36 SAST" skipped="0">
  <testcase classname="ui.tests.negativeTests.SearchProduct" name="updateWithInvalidInputProductQuantityInCart" time="127.313"/>
  <testcase classname="ui.tests.negativeTests.SearchProduct" name="addOutOfStockProductToCart" time="119.229"/>
  <testcase classname="ui.tests.negativeTests.SearchProduct" name="updateWithInvalidInputProductQuantityInCart" time="117.219"/>
  <testcase classname="ui.tests.negativeTests.SearchProduct" name="searchInvalidProduct" time="103.511"/>
  <testcase classname="ui.tests.negativeTests.SearchProduct" name="addOutOfStockProductToCart" time="147.466"/>
  <testcase classname="ui.tests.negativeTests.SearchProduct" name="searchInvalidProduct" time="90.215"/>
</testsuite> <!-- ui.tests.negativeTests.SearchProduct -->
